/ucenterfile/index.php/chuser/getlistcookie/cid/8/uc/79?_=1404460220754
/ucenterfile/index.php/chuser/getlistcookie/cid/8/uc/80?_=1404460241313
/ucenterfile/index.php/chat/getlist/cid/8/page/1/textid/undefined?_=1404460241314
/ucenterfile/index.php/login/hiduser/uc/79
/ucenterfile/index.php/chuser/getlistcookie/cid/8/uc/80?_=1404460263705
/ucenterfile/index.php/login/islogin/uc/79/cid/8?_0.4871793808415532
/ucenterfile/index.php/chat/index
/ucenterfile/index.php/chuser/getlistcookie/cid/8/uc/80?_=1404460264838
/ucenterfile/index.php/chuser/getlistcookie/cid/8/uc/79?_=1404460244316
/ucenterfile/index.php/chat/getlist/cid/8/page/1/textid/undefined?_=1404460244317
1404460389_/ucenterfile/index.php/login/islogin/uc/70/cid/2?_0.9069452048279345
1404460389_/ucenterfile/index.php/chat/index
1404460389_/ucenterfile/index.php/login/hiduser/uc/70
1404460389_/ucenterfile/index.php/chuser/getlistcookie/cid/2/uc/70?_=1404460347021
1404460389_/ucenterfile/index.php/chat/getlist/cid/2/page/1/textid/undefined?_=1404460347021
1404460539_/ucenterfile/index.php/chat/insert
1404460539_/ucenterfile/index.php/chat/getlist/cid/8/page/1/textid/67?_=1404460520526
1404460539_/ucenterfile/index.php/chat/getlist/cid/8/page/1/textid/67?_=1404460500001
1404460695_/ucenterfile/index.php/login/hiduser/uc/79
1404460695_/ucenterfile/index.php/chuser/getlistcookie/cid/8/uc/80?_=1404460676949
1404460697_/ucenterfile/index.php/login/islogin/uc/79/cid/8?_0.4858409813605249
1404460697_/ucenterfile/index.php/chat/index
1404460697_/ucenterfile/index.php/chuser/getlistcookie/cid/8/uc/79?_=1404460658168
1404460697_/ucenterfile/index.php/chat/getlist/cid/8/page/1/textid/undefined?_=1404460658170
1404460697_/ucenterfile/index.php/chuser/getlistcookie/cid/8/uc/80?_=1404460678693
1404460721_/ucenterfile/index.php/chat/insert
1404460721_/ucenterfile/index.php/chat/getlist/cid/8/page/1/textid/68?_=1404460702485
1404460721_/ucenterfile/index.php/chat/getlist/cid/8/page/1/textid/68?_=1404460681963
1404460838_/ucenterfile/index.php/login/hiduser/uc/79
1404460838_/ucenterfile/index.php/chuser/getlistcookie/cid/8/uc/80?_=1404460820226
1404460839_/ucenterfile/index.php/login/islogin/uc/79/cid/8?_0.8392829294316471
1404460839_/ucenterfile/index.php/chat/index
1404460839_/ucenterfile/index.php/chuser/getlistcookie/cid/8/uc/79?_=1404460800863
1404460839_/ucenterfile/index.php/chat/getlist/cid/8/page/1/textid/undefined?_=1404460800864
1404460840_/ucenterfile/index.php/chuser/getlistcookie/cid/8/uc/80?_=1404460821389
1404461039_/ucenterfile/index.php/login/islogin/uc/70/cid/2?_0.5407822085544467
1404461039_/ucenterfile/index.php/chat/index
1404461039_/ucenterfile/index.php/login/hiduser/uc/70
1404461039_/ucenterfile/index.php/chuser/getlistcookie/cid/2/uc/70?_=1404460996974
1404461039_/ucenterfile/index.php/chat/getlist/cid/2/page/1/textid/undefined?_=1404460996975
1404461044_/ucenterfile/index.php/login/islogin/uc/70/cid/2?_0.07175735430791974
1404461044_/ucenterfile/index.php/chat/index
1404461044_/ucenterfile/index.php/login/hiduser/uc/70
1404461048_/ucenterfile/index.php/chuser/getlistcookie/cid/2/uc/70?_=1404461005853
1404461048_/ucenterfile/index.php/chat/getlist/cid/2/page/1/textid/undefined?_=1404461005854
1404461054_/ucenterfile/index.php/login/islogin/uc/70/cid/2?_0.42906594881787896
1404461054_/ucenterfile/index.php/chat/index
1404461055_/ucenterfile/index.php/login/hiduser/uc/70
1404461055_/ucenterfile/index.php/chat/getlist/cid/2/page/1/textid/undefined?_=1404461012864
1404461055_/ucenterfile/index.php/chuser/getlistcookie/cid/2/uc/70?_=1404461012863
1404461061_/ucenterfile/index.php/login/islogin/uc/70/cid/2?_0.6575988866388798
1404461061_/ucenterfile/index.php/chat/index
1404461062_/ucenterfile/index.php/login/hiduser/uc/70
1404461063_/ucenterfile/index.php/chuser/getlistcookie/cid/2/uc/70?_=1404461020417
1404461063_/ucenterfile/index.php/chat/getlist/cid/2/page/1/textid/undefined?_=1404461020418
1404461089_/ucenterfile/index.php/login/hiduser/uc/79
1404461089_/ucenterfile/index.php/chuser/getlistcookie/cid/8/uc/80?_=1404461070706
1404461090_/ucenterfile/index.php/login/islogin/uc/79/cid/8?_0.2927107149735093
1404461090_/ucenterfile/index.php/chat/index
1404461090_/ucenterfile/index.php/chuser/getlistcookie/cid/8/uc/79?_=1404461051595
1404461090_/ucenterfile/index.php/chat/getlist/cid/8/page/1/textid/undefined?_=1404461051597
1404461090_/ucenterfile/index.php/chuser/getlistcookie/cid/8/uc/80?_=1404461072120
1404461104_/ucenterfile/index.php/login/islogin/uc/70/cid/2?_0.6546218837611377
1404461104_/ucenterfile/index.php/chat/index
1404461104_/ucenterfile/index.php/login/hiduser/uc/70
1404461104_/ucenterfile/index.php/chuser/getlistcookie/cid/2/uc/70?_=1404461062264
1404461104_/ucenterfile/index.php/chat/getlist/cid/2/page/1/textid/undefined?_=1404461062265
1404461109_/ucenterfile/index.php/login/islogin/uc/70/cid/2?_0.1683319266885519
1404461109_/ucenterfile/index.php/chat/index
1404461109_/ucenterfile/index.php/login/hiduser/uc/70
1404461109_/ucenterfile/index.php/chat/getlist/cid/2/page/1/textid/undefined?_=1404461067207
1404461109_/ucenterfile/index.php/chuser/getlistcookie/cid/2/uc/70?_=1404461067205
1404461112_/ucenterfile/index.php/login/islogin/uc/70/cid/2?_0.7979657966643572
1404461112_/ucenterfile/index.php/chat/index
1404461112_/ucenterfile/index.php/login/hiduser/uc/70
1404461113_/ucenterfile/index.php/chuser/getlistcookie/cid/2/uc/70?_=1404461070792
1404461113_/ucenterfile/index.php/chat/getlist/cid/2/page/1/textid/undefined?_=1404461070794
1404461116_/ucenterfile/index.php/chat/index
1404461116_/ucenterfile/index.php/login/islogin/uc/70/cid/2?_0.0004413239657878876
1404461116_/ucenterfile/index.php/login/hiduser/uc/70
1404461117_/ucenterfile/index.php/chuser/getlistcookie/cid/2/uc/70?_=1404461074538
1404461117_/ucenterfile/index.php/chat/getlist/cid/2/page/1/textid/undefined?_=1404461074540
1404461174_/ucenterfile/index.php/login/islogin/uc/70/cid/2?_0.11259400565177202
1404461174_/ucenterfile/index.php/chat/index
1404461175_/ucenterfile/index.php/login/hiduser/uc/70
1404461175_/ucenterfile/index.php/chuser/getlistcookie/cid/2/uc/70?_=1404461132884
1404461175_/ucenterfile/index.php/chat/getlist/cid/2/page/1/textid/undefined?_=1404461132884
1404461181_/ucenterfile/index.php/login/hiduser/uc/70
1404461287_/ucenterfile/index.php/login/islogin/uc/70/cid/2?_0.7859531715512276
1404461289_/ucenterfile/index.php/chat/index
1404461292_/ucenterfile/index.php/chat/getlist/cid/2/page/1/textid/undefined?_=1404461249481
1404461292_/ucenterfile/index.php/chuser/getlistcookie/cid/2/uc/70?_=1404461249478
1404461297_/ucenterfile/index.php/login/islogin/uc/70/cid/2?_0.23950058408081532
1404461297_/ucenterfile/index.php/chat/index
1404461297_/ucenterfile/index.php/login/hiduser/uc/70
1404461298_/ucenterfile/index.php/chuser/getlistcookie/cid/2/uc/70?_=1404461255591
1404461298_/ucenterfile/index.php/chat/getlist/cid/2/page/1/textid/undefined?_=1404461255593
1404461306_/ucenterfile/index.php/login/hiduser/uc/70
1404461325_/ucenterfile/index.php/login/hiduser/uc/80
1404461325_/ucenterfile/index.php/chuser/getlistcookie/cid/8/uc/79?_=1404461285938
1404461325_/ucenterfile/index.php/login/islogin/uc/70/cid/2?_0.4283242798410356
1404461325_/ucenterfile/index.php/chat/index
1404461325_/ucenterfile/index.php/chat/index
1404461325_/ucenterfile/index.php/login/islogin/uc/80/cid/8?_0.6206474243663251
1404461326_/ucenterfile/index.php/chuser/getlistcookie/cid/8/uc/79?_=1404461287086
1404461326_/ucenterfile/index.php/chuser/getlistcookie/cid/8/uc/80?_=1404461307625
1404461326_/ucenterfile/index.php/chat/getlist/cid/8/page/1/textid/undefined?_=1404461307626
1404461326_/ucenterfile/index.php/chuser/getlistcookie/cid/2/uc/70?_=1404461284114
1404461326_/ucenterfile/index.php/chat/getlist/cid/2/page/1/textid/undefined?_=1404461284117
1404461332_/ucenterfile/index.php/login/hiduser/uc/80
1404461332_/ucenterfile/index.php/chuser/getlistcookie/cid/8/uc/79?_=1404461293211
1404461337_/ucenterfile/index.php/login/logins
1404461338_/ucenterfile/index.php/login/islogin/uc/81/cid/1?_0.9010972357355058
1404461338_/ucenterfile/index.php/chat/index
1404461338_/ucenterfile/index.php/chuser/getlistcookie/cid/1/uc/81?_=1404461320009
1404461338_/ucenterfile/index.php/chat/getlist/cid/1/page/1/textid/undefined?_=1404461320010
1404461352_/ucenterfile/index.php/login/hiduser/uc/81
1404461353_/ucenterfile/index.php/login/islogin/uc/81/cid/2?_0.7763493787497282
1404461353_/ucenterfile/index.php/login/index/cid/2
1404461353_/ucenterfile/index.php/chat/index
1404461359_/ucenterfile/index.php/login/logins
1404461360_/ucenterfile/index.php/login/islogin/uc/82/cid/2?_0.7993610529229045
1404461360_/ucenterfile/index.php/chat/index
1404461360_/ucenterfile/index.php/chuser/getlistcookie/cid/2/uc/70?_=1404461317823
1404461360_/ucenterfile/index.php/chuser/getlistcookie/cid/2/uc/82?_=1404461341863
1404461360_/ucenterfile/index.php/chat/getlist/cid/2/page/1/textid/undefined?_=1404461341864
1404461382_/ucenterfile/index.php/login/hiduser/uc/79
1404461383_/ucenterfile/index.php/login/islogin/uc/79/cid/8?_0.8071589092724025
1404461384_/ucenterfile/index.php/chat/index
1404461384_/ucenterfile/index.php/chuser/getlistcookie/cid/8/uc/79?_=1404461345217
1404461384_/ucenterfile/index.php/chat/getlist/cid/8/page/1/textid/undefined?_=1404461345218
1404461421_/ucenterfile/index.php/chat/insert
1404461421_/ucenterfile/index.php/chat/getlist/cid/2/page/1/textid/65?_=1404461403208
1404461421_/ucenterfile/index.php/chat/getlist/cid/2/page/1/textid/65?_=1404461379186
1404461594_/ucenterfile/index.php/chat/insert
1404461594_/ucenterfile/index.php/chat/getlist/cid/2/page/1/textid/70?_=1404461551826
1404461594_/ucenterfile/index.php/chat/getlist/cid/2/page/1/textid/70?_=1404461575846
1404461669_/ucenterfile/index.php/login/hiduser/uc/79
1404461670_/ucenterfile/index.php/login/islogin/uc/79/cid/8?_0.04068436101078987
1404461670_/ucenterfile/index.php/chat/index
1404461671_/ucenterfile/index.php/chuser/getlistcookie/cid/8/uc/79?_=1404461632050
1404461671_/ucenterfile/index.php/chat/getlist/cid/8/page/1/textid/undefined?_=1404461632051
1404461686_/ucenterfile/index.php/login/hiduser/uc/79
1404461687_/ucenterfile/index.php/channel
1404461687_/ucenterfile/index.php/login/islogin/uc/79/cid/null?_0.6783870384097099
1404461700_/ucenterfile/index.php/login/index/cid/8
1404461704_/ucenterfile/index.php/login/logins
1404461705_/ucenterfile/index.php/login/islogin/uc/79/cid/8?_0.887281381059438
1404461705_/ucenterfile/index.php/chat/index
1404461705_/ucenterfile/index.php/chat/getlist/cid/8/page/1/textid/undefined?_=1404461666433
1404461705_/ucenterfile/index.php/chuser/getlistcookie/cid/8/uc/79?_=1404461666432
1404461713_/ucenterfile/index.php/login/hiduser/uc/79
1404461714_/ucenterfile/index.php/channel
1404461714_/ucenterfile/index.php/login/islogin/uc/79/cid/null?_0.4954800410196185
1404461716_/ucenterfile/index.php/channel/insert
1404461727_/ucenterfile/index.php/channel/insert
1404461727_/ucenterfile/index.php/channel/index
1404461728_/ucenterfile/index.php/login/index/cid/9
1404461731_/ucenterfile/index.php/login/logins
1404461732_/ucenterfile/index.php/login/islogin/uc/83/cid/9?_0.545739283785224
1404461732_/ucenterfile/index.php/chat/index
1404461732_/ucenterfile/index.php/chuser/getlistcookie/cid/9/uc/83?_=1404461693410
1404461732_/ucenterfile/index.php/chat/getlist/cid/9/page/1/textid/undefined?_=1404461693411
1404461741_/ucenterfile/index.php/stat/upload
1404461756_/ucenterfile/index.php/stat/upload
1404461843_/ucenterfile/index.php/login/hiduser/uc/70
1404461843_/ucenterfile/index.php/chuser/getlistcookie/cid/2/uc/82?_=1404461825133
1404461844_/ucenterfile/index.php/login/islogin/uc/70/cid/2?_0.0607301383279264
1404461844_/ucenterfile/index.php/chat/index
1404461845_/ucenterfile/index.php/chuser/getlistcookie/cid/2/uc/82?_=1404461826489
1404461845_/ucenterfile/index.php/chuser/getlistcookie/cid/2/uc/70?_=1404461802465
1404461845_/ucenterfile/index.php/chat/getlist/cid/2/page/1/textid/undefined?_=1404461802466
1404462086_/ucenterfile/index.php/login/hiduser/uc/83
1404462087_/ucenterfile/index.php/login/islogin/uc/83/cid/9?_0.6696974555961788
1404462087_/ucenterfile/index.php/chat/index
1404462087_/ucenterfile/index.php/chuser/getlistcookie/cid/9/uc/83?_=1404462048490
1404462087_/ucenterfile/index.php/chat/getlist/cid/9/page/1/textid/undefined?_=1404462048491
1404462103_/ucenterfile/index.php/stat/upload
1404462146_/ucenterfile/index.php/login/islogin/uc/70/cid/2?_0.5388794476166368
1404462146_/ucenterfile/index.php/chat/index
1404462146_/ucenterfile/index.php/chuser/getlistcookie/cid/2/uc/70?_=1404462104261
1404462146_/ucenterfile/index.php/chat/getlist/cid/2/page/1/textid/undefined?_=1404462104262
1404462146_/ucenterfile/index.php/chuser/getlistcookie/cid/2/uc/82?_=1404462128294
1404462150_/ucenterfile/index.php/chuser/getlistcookie/cid/2/uc/82?_=1404462131869
1404462150_/ucenterfile/index.php/login/hiduser/uc/70
1404462150_/ucenterfile/index.php/chuser/getlistcookie/cid/2/uc/70?_=1404462107834
1404462156_/ucenterfile/index.php/login/hiduser/uc/70
1404462156_/ucenterfile/index.php/chuser/getlistcookie/cid/2/uc/82?_=1404462137475
1404462157_/ucenterfile/index.php/login/islogin/uc/70/cid/2?_0.6098344889469445
1404462157_/ucenterfile/index.php/chat/index
1404462157_/ucenterfile/index.php/chuser/getlistcookie/cid/2/uc/82?_=1404462139423
1404462157_/ucenterfile/index.php/chuser/getlistcookie/cid/2/uc/70?_=1404462115390
1404462157_/ucenterfile/index.php/chat/getlist/cid/2/page/1/textid/undefined?_=1404462115391
1404462181_/ucenterfile/index.php/stat/upload
1404462218_/ucenterfile/index.php/login/islogin/uc/70/cid/2?_0.7684111599810421
1404462218_/ucenterfile/index.php/chat/index
1404462277_/ucenterfile/index.php/login/islogin/uc/70/cid/2?_0.15865454776212573
1404462277_/ucenterfile/index.php/chat/index
1404462300_/ucenterfile/index.php/login/islogin/uc/83/cid/9?_0.6136237434111536
1404462300_/ucenterfile/index.php/chat/index
1404462314_/ucenterfile/index.php/login/islogin/uc/83/cid/9?_0.4142214860767126
1404462314_/ucenterfile/index.php/chat/index
1404462323_/ucenterfile/index.php/channel
1404462323_/ucenterfile/index.php/login/islogin/uc/83/cid/null?_0.13094824366271496
1404462324_/ucenterfile/index.php/login/index/cid/9
1404462328_/ucenterfile/index.php/login/logins
1404462328_/ucenterfile/index.php/login/islogin/uc/83/cid/9?_0.615246681496501
1404462328_/ucenterfile/index.php/chat/index
1404462334_/ucenterfile/index.php/channel
1404462334_/ucenterfile/index.php/login/islogin/uc/83/cid/null?_0.5664487318135798
1404462337_/ucenterfile/index.php/login/index/cid/9
1404462343_/ucenterfile/index.php/login/logins
1404462343_/ucenterfile/index.php/login/islogin/uc/83/cid/9?_0.9661819520406425
1404462344_/ucenterfile/index.php/chat/index
1404462348_/ucenterfile/index.php/channel
1404462348_/ucenterfile/index.php/login/islogin/uc/83/cid/null?_0.24809821089729667
1404462350_/ucenterfile/index.php/login/index/cid/9
1404462352_/ucenterfile/index.php/login/logins
1404462353_/ucenterfile/index.php/login/islogin/uc/83/cid/9?_0.8509194231592119
1404462353_/ucenterfile/index.php/chat/index
1404462363_/ucenterfile/index.php/channel
1404462363_/ucenterfile/index.php/login/islogin/uc/83/cid/null?_0.41599671356379986
1404462367_/ucenterfile/index.php/login/islogin/uc/70/cid/2?_0.18844842072576284
1404462367_/ucenterfile/index.php/chat/index
1404462367_/ucenterfile/index.php/chuser/getlistcookie/cid/2/uc/70?_=1404462325133
1404462367_/ucenterfile/index.php/chat/getlist/cid/2/page/1/textid/undefined?_=1404462325135
1404462375_/ucenterfile/index.php/channel/insert
1404462376_/ucenterfile/index.php/login/hiduser/uc/70
1404462378_/ucenterfile/index.php/login/islogin/uc/70/cid/2?_0.6057429816573858
1404462378_/ucenterfile/index.php/chat/index
1404462378_/ucenterfile/index.php/chat/getlist/cid/2/page/1/textid/undefined?_=1404462335888
1404462378_/ucenterfile/index.php/chuser/getlistcookie/cid/2/uc/70?_=1404462335887
1404462382_/ucenterfile/index.php/channel/insert
1404462382_/ucenterfile/index.php/channel/index
1404462383_/ucenterfile/index.php/login/index/cid/10
1404462385_/ucenterfile/index.php/login/logins
1404462386_/ucenterfile/index.php/login/islogin/uc/84/cid/10?_0.7541203112341464
1404462386_/ucenterfile/index.php/chat/index
1404462386_/ucenterfile/index.php/chuser/getlistcookie/cid/10/uc/84?_=1404462347772
1404462386_/ucenterfile/index.php/chat/getlist/cid/10/page/1/textid/undefined?_=1404462347773
1404462394_/ucenterfile/index.php/stat/upload
1404462408_/ucenterfile/index.php/stat/upload
1404462493_/ucenterfile/index.php/login/hiduser/uc/84
1404462494_/ucenterfile/index.php/login/islogin/uc/84/cid/10?_0.533466808963567
1404462494_/ucenterfile/index.php/chat/index
1404462494_/ucenterfile/index.php/chuser/getlistcookie/cid/10/uc/84?_=1404462455225
1404462494_/ucenterfile/index.php/chat/getlist/cid/10/page/1/textid/undefined?_=1404462455226
1404462606_/ucenterfile/index.php/stat/upload
1404462609_/ucenterfile/index.php/stat/upload
1404462669_/ucenterfile/index.php/stat/upload
